build/intermediates/manifest_merge_blame_file/debug/manifest-merger-blame-debug-report.txt
1<?xml version="1.0" encoding="utf-8"?>
2<manifest xmlns:android="http://schemas.android.com/apk/res/android"
3    package="ca.unb.mobiledev.fitquest"
4    android:versionCode="1"
5    android:versionName="1.0" >
6
7    <uses-sdk
8        android:minSdkVersion="28"
9        android:targetSdkVersion="33" />
10
11    <uses-permission android:name="android.permission.ACTIVITY_RECOGNITION" />
11-->src\main\AndroidManifest.xml:5:5-79
11-->src\main\AndroidManifest.xml:5:22-76
12
13    <!-- Although the *SdkVersion is captured in gradle build files, this is required for non gradle builds -->
14    <!-- <uses-sdk android:minSdkVersion="14"/> -->
15    <uses-permission android:name="android.permission.ACCESS_NETWORK_STATE" />
15-->[com.google.firebase:firebase-database:20.3.0] AndroidManifest.xml:22:5-79
15-->[com.google.firebase:firebase-database:20.3.0] AndroidManifest.xml:22:22-76
16    <uses-permission android:name="android.permission.INTERNET" />
16-->[com.google.firebase:firebase-database:20.3.0] AndroidManifest.xml:23:5-67
16-->[com.google.firebase:firebase-database:20.3.0] AndroidManifest.xml:23:22-64
17
18    <permission
18-->[androidx.core:core:1.9.0] AndroidManifest.xml:22:5-24:47
19        android:name="ca.unb.mobiledev.fitquest.DYNAMIC_RECEIVER_NOT_EXPORTED_PERMISSION"
19-->[androidx.core:core:1.9.0] AndroidManifest.xml:23:9-81
20        android:protectionLevel="signature" />
20-->[androidx.core:core:1.9.0] AndroidManifest.xml:24:9-44
21
22    <uses-permission android:name="ca.unb.mobiledev.fitquest.DYNAMIC_RECEIVER_NOT_EXPORTED_PERMISSION" />
22-->[androidx.core:core:1.9.0] AndroidManifest.xml:26:5-97
22-->[androidx.core:core:1.9.0] AndroidManifest.xml:26:22-94
23
24    <application
24-->src\main\AndroidManifest.xml:7:5-44:19
25        android:allowBackup="true"
25-->src\main\AndroidManifest.xml:8:9-35
26        android:appComponentFactory="androidx.core.app.CoreComponentFactory"
26-->[androidx.core:core:1.9.0] AndroidManifest.xml:28:18-86
27        android:dataExtractionRules="@xml/data_extraction_rules"
27-->src\main\AndroidManifest.xml:9:9-65
28        android:debuggable="true"
29        android:extractNativeLibs="false"
30        android:fullBackupContent="@xml/backup_rules"
30-->src\main\AndroidManifest.xml:10:9-54
31        android:icon="@mipmap/ic_launcher"
31-->src\main\AndroidManifest.xml:11:9-43
32        android:label="@string/app_name"
32-->src\main\AndroidManifest.xml:12:9-41
33        android:roundIcon="@mipmap/ic_launcher_round"
33-->src\main\AndroidManifest.xml:13:9-54
34        android:supportsRtl="true"
34-->src\main\AndroidManifest.xml:14:9-35
35        android:testOnly="true"
36        android:theme="@style/Theme.FitQuest" >
36-->src\main\AndroidManifest.xml:15:9-46
37        <activity
37-->src\main\AndroidManifest.xml:17:9-19:40
38            android:name="ca.unb.mobiledev.fitquest.RecordSleepActivity"
38-->src\main\AndroidManifest.xml:18:13-48
39            android:exported="false" />
39-->src\main\AndroidManifest.xml:19:13-37
40        <activity
40-->src\main\AndroidManifest.xml:20:9-22:40
41            android:name="ca.unb.mobiledev.fitquest.ShopActivity"
41-->src\main\AndroidManifest.xml:21:13-41
42            android:exported="false" />
42-->src\main\AndroidManifest.xml:22:13-37
43        <activity
43-->src\main\AndroidManifest.xml:23:9-25:40
44            android:name="ca.unb.mobiledev.fitquest.WaterIntake"
44-->src\main\AndroidManifest.xml:24:13-40
45            android:exported="false" />
45-->src\main\AndroidManifest.xml:25:13-37
46        <activity
46-->src\main\AndroidManifest.xml:26:9-28:40
47            android:name="ca.unb.mobiledev.fitquest.StepCounterActivity"
47-->src\main\AndroidManifest.xml:27:13-48
48            android:exported="false" />
48-->src\main\AndroidManifest.xml:28:13-37
49        <activity
49-->src\main\AndroidManifest.xml:29:9-37:20
50            android:name="ca.unb.mobiledev.fitquest.LoginActivity"
50-->src\main\AndroidManifest.xml:30:13-42
51            android:exported="true" >
51-->src\main\AndroidManifest.xml:31:13-36
52            <intent-filter>
52-->src\main\AndroidManifest.xml:32:13-36:29
53                <action android:name="android.intent.action.MAIN" />
53-->src\main\AndroidManifest.xml:33:17-69
53-->src\main\AndroidManifest.xml:33:25-66
54
55                <category android:name="android.intent.category.LAUNCHER" />
55-->src\main\AndroidManifest.xml:35:17-77
55-->src\main\AndroidManifest.xml:35:27-74
56            </intent-filter>
57        </activity>
58        <activity
58-->src\main\AndroidManifest.xml:38:9-40:40
59            android:name="ca.unb.mobiledev.fitquest.SignupActivity"
59-->src\main\AndroidManifest.xml:39:13-43
60            android:exported="false" />
60-->src\main\AndroidManifest.xml:40:13-37
61        <activity
61-->src\main\AndroidManifest.xml:41:9-43:40
62            android:name="ca.unb.mobiledev.fitquest.MainActivity"
62-->src\main\AndroidManifest.xml:42:13-41
63            android:exported="false" />
63-->src\main\AndroidManifest.xml:43:13-37
64
65        <service
65-->[com.google.firebase:firebase-database:20.3.0] AndroidManifest.xml:26:9-35:19
66            android:name="com.google.firebase.components.ComponentDiscoveryService"
66-->[com.google.firebase:firebase-database:20.3.0] AndroidManifest.xml:27:13-84
67            android:directBootAware="true"
67-->[com.google.firebase:firebase-common:20.4.2] AndroidManifest.xml:32:13-43
68            android:exported="false" >
68-->[com.google.firebase:firebase-database:20.3.0] AndroidManifest.xml:28:13-37
69            <meta-data
69-->[com.google.firebase:firebase-database:20.3.0] AndroidManifest.xml:29:13-31:85
70                android:name="com.google.firebase.components:com.google.firebase.database.FirebaseDatabaseKtxRegistrar"
70-->[com.google.firebase:firebase-database:20.3.0] AndroidManifest.xml:30:17-120
71                android:value="com.google.firebase.components.ComponentRegistrar" />
71-->[com.google.firebase:firebase-database:20.3.0] AndroidManifest.xml:31:17-82
72            <meta-data
72-->[com.google.firebase:firebase-database:20.3.0] AndroidManifest.xml:32:13-34:85
73                android:name="com.google.firebase.components:com.google.firebase.database.DatabaseRegistrar"
73-->[com.google.firebase:firebase-database:20.3.0] AndroidManifest.xml:33:17-109
74                android:value="com.google.firebase.components.ComponentRegistrar" />
74-->[com.google.firebase:firebase-database:20.3.0] AndroidManifest.xml:34:17-82
75            <meta-data
75-->[com.google.firebase:firebase-firestore:24.9.1] AndroidManifest.xml:17:13-19:85
76                android:name="com.google.firebase.components:com.google.firebase.firestore.FirebaseFirestoreKtxRegistrar"
76-->[com.google.firebase:firebase-firestore:24.9.1] AndroidManifest.xml:18:17-122
77                android:value="com.google.firebase.components.ComponentRegistrar" />
77-->[com.google.firebase:firebase-firestore:24.9.1] AndroidManifest.xml:19:17-82
78            <meta-data
78-->[com.google.firebase:firebase-firestore:24.9.1] AndroidManifest.xml:20:13-22:85
79                android:name="com.google.firebase.components:com.google.firebase.firestore.FirestoreRegistrar"
79-->[com.google.firebase:firebase-firestore:24.9.1] AndroidManifest.xml:21:17-111
80                android:value="com.google.firebase.components.ComponentRegistrar" />
80-->[com.google.firebase:firebase-firestore:24.9.1] AndroidManifest.xml:22:17-82
81            <meta-data
81-->[com.google.firebase:firebase-common-ktx:20.4.2] AndroidManifest.xml:12:13-14:85
82                android:name="com.google.firebase.components:com.google.firebase.ktx.FirebaseCommonLegacyRegistrar"
82-->[com.google.firebase:firebase-common-ktx:20.4.2] AndroidManifest.xml:13:17-116
83                android:value="com.google.firebase.components.ComponentRegistrar" />
83-->[com.google.firebase:firebase-common-ktx:20.4.2] AndroidManifest.xml:14:17-82
84            <meta-data
84-->[com.google.firebase:firebase-common:20.4.2] AndroidManifest.xml:35:13-37:85
85                android:name="com.google.firebase.components:com.google.firebase.FirebaseCommonKtxRegistrar"
85-->[com.google.firebase:firebase-common:20.4.2] AndroidManifest.xml:36:17-109
86                android:value="com.google.firebase.components.ComponentRegistrar" />
86-->[com.google.firebase:firebase-common:20.4.2] AndroidManifest.xml:37:17-82
87        </service>
88
89        <provider
89-->[com.google.firebase:firebase-common:20.4.2] AndroidManifest.xml:23:9-28:39
90            android:name="com.google.firebase.provider.FirebaseInitProvider"
90-->[com.google.firebase:firebase-common:20.4.2] AndroidManifest.xml:24:13-77
91            android:authorities="ca.unb.mobiledev.fitquest.firebaseinitprovider"
91-->[com.google.firebase:firebase-common:20.4.2] AndroidManifest.xml:25:13-72
92            android:directBootAware="true"
92-->[com.google.firebase:firebase-common:20.4.2] AndroidManifest.xml:26:13-43
93            android:exported="false"
93-->[com.google.firebase:firebase-common:20.4.2] AndroidManifest.xml:27:13-37
94            android:initOrder="100" />
94-->[com.google.firebase:firebase-common:20.4.2] AndroidManifest.xml:28:13-36
95
96        <activity
96-->[com.google.android.gms:play-services-base:18.1.0] AndroidManifest.xml:20:9-22:45
97            android:name="com.google.android.gms.common.api.GoogleApiActivity"
97-->[com.google.android.gms:play-services-base:18.1.0] AndroidManifest.xml:20:19-85
98            android:exported="false"
98-->[com.google.android.gms:play-services-base:18.1.0] AndroidManifest.xml:22:19-43
99            android:theme="@android:style/Theme.Translucent.NoTitleBar" />
99-->[com.google.android.gms:play-services-base:18.1.0] AndroidManifest.xml:21:19-78
100
101        <meta-data
101-->[com.google.android.gms:play-services-basement:18.1.0] AndroidManifest.xml:21:9-23:69
102            android:name="com.google.android.gms.version"
102-->[com.google.android.gms:play-services-basement:18.1.0] AndroidManifest.xml:22:13-58
103            android:value="@integer/google_play_services_version" />
103-->[com.google.android.gms:play-services-basement:18.1.0] AndroidManifest.xml:23:13-66
104
105        <provider
105-->[androidx.emoji2:emoji2:1.2.0] AndroidManifest.xml:24:9-32:20
106            android:name="androidx.startup.InitializationProvider"
106-->[androidx.emoji2:emoji2:1.2.0] AndroidManifest.xml:25:13-67
107            android:authorities="ca.unb.mobiledev.fitquest.androidx-startup"
107-->[androidx.emoji2:emoji2:1.2.0] AndroidManifest.xml:26:13-68
108            android:exported="false" >
108-->[androidx.emoji2:emoji2:1.2.0] AndroidManifest.xml:27:13-37
109            <meta-data
109-->[androidx.emoji2:emoji2:1.2.0] AndroidManifest.xml:29:13-31:52
110                android:name="androidx.emoji2.text.EmojiCompatInitializer"
110-->[androidx.emoji2:emoji2:1.2.0] AndroidManifest.xml:30:17-75
111                android:value="androidx.startup" />
111-->[androidx.emoji2:emoji2:1.2.0] AndroidManifest.xml:31:17-49
112            <meta-data
112-->[androidx.lifecycle:lifecycle-process:2.6.1] AndroidManifest.xml:29:13-31:52
113                android:name="androidx.lifecycle.ProcessLifecycleInitializer"
113-->[androidx.lifecycle:lifecycle-process:2.6.1] AndroidManifest.xml:30:17-78
114                android:value="androidx.startup" />
114-->[androidx.lifecycle:lifecycle-process:2.6.1] AndroidManifest.xml:31:17-49
115            <meta-data
115-->[androidx.profileinstaller:profileinstaller:1.3.0] AndroidManifest.xml:29:13-31:52
116                android:name="androidx.profileinstaller.ProfileInstallerInitializer"
116-->[androidx.profileinstaller:profileinstaller:1.3.0] AndroidManifest.xml:30:17-85
117                android:value="androidx.startup" />
117-->[androidx.profileinstaller:profileinstaller:1.3.0] AndroidManifest.xml:31:17-49
118        </provider>
119
120        <receiver
120-->[androidx.profileinstaller:profileinstaller:1.3.0] AndroidManifest.xml:34:9-52:20
121            android:name="androidx.profileinstaller.ProfileInstallReceiver"
121-->[androidx.profileinstaller:profileinstaller:1.3.0] AndroidManifest.xml:35:13-76
122            android:directBootAware="false"
122-->[androidx.profileinstaller:profileinstaller:1.3.0] AndroidManifest.xml:36:13-44
123            android:enabled="true"
123-->[androidx.profileinstaller:profileinstaller:1.3.0] AndroidManifest.xml:37:13-35
124            android:exported="true"
124-->[androidx.profileinstaller:profileinstaller:1.3.0] AndroidManifest.xml:38:13-36
125            android:permission="android.permission.DUMP" >
125-->[androidx.profileinstaller:profileinstaller:1.3.0] AndroidManifest.xml:39:13-57
126            <intent-filter>
126-->[androidx.profileinstaller:profileinstaller:1.3.0] AndroidManifest.xml:40:13-42:29
127                <action android:name="androidx.profileinstaller.action.INSTALL_PROFILE" />
127-->[androidx.profileinstaller:profileinstaller:1.3.0] AndroidManifest.xml:41:17-91
127-->[androidx.profileinstaller:profileinstaller:1.3.0] AndroidManifest.xml:41:25-88
128            </intent-filter>
129            <intent-filter>
129-->[androidx.profileinstaller:profileinstaller:1.3.0] AndroidManifest.xml:43:13-45:29
130                <action android:name="androidx.profileinstaller.action.SKIP_FILE" />
130-->[androidx.profileinstaller:profileinstaller:1.3.0] AndroidManifest.xml:44:17-85
130-->[androidx.profileinstaller:profileinstaller:1.3.0] AndroidManifest.xml:44:25-82
131            </intent-filter>
132            <intent-filter>
132-->[androidx.profileinstaller:profileinstaller:1.3.0] AndroidManifest.xml:46:13-48:29
133                <action android:name="androidx.profileinstaller.action.SAVE_PROFILE" />
133-->[androidx.profileinstaller:profileinstaller:1.3.0] AndroidManifest.xml:47:17-88
133-->[androidx.profileinstaller:profileinstaller:1.3.0] AndroidManifest.xml:47:25-85
134            </intent-filter>
135            <intent-filter>
135-->[androidx.profileinstaller:profileinstaller:1.3.0] AndroidManifest.xml:49:13-51:29
136                <action android:name="androidx.profileinstaller.action.BENCHMARK_OPERATION" />
136-->[androidx.profileinstaller:profileinstaller:1.3.0] AndroidManifest.xml:50:17-95
136-->[androidx.profileinstaller:profileinstaller:1.3.0] AndroidManifest.xml:50:25-92
137            </intent-filter>
138        </receiver>
139    </application>
140
141</manifest>